Сборка начата 11.09.2024 18:08:07.
Уровень детализации журнала: Normal.     1>Проект "C:\Users\Manmade\Desktop\KPO_2sem\Code\lab_14_1.1\lab_14_1.1\lab_14_1.1.vcxproj" в узле 2 (целевые объекты Build).
     1>PrepareForBuild:
         Структурированный вывод включен. Форматирование диагностики компилятора будет отражать иерархию ошибок. Подробнее см. https://aka.ms/cpp/structured-output.
       InitializeBuildStatus:
         Создание "Debug\lab_14_1.1.tlog\unsuccessfulbuild", так как было задано "AlwaysCreate".
         Обращение к "Debug\lab_14_1.1.tlog\unsuccessfulbuild".
       ClCompile:
         C:\Program Files\Microsoft Visual Studio\2022\Community\VC\Tools\MSVC\14.39.33519\bin\HostX86\x86\CL.exe /c /ZI /JMC /nologo /W3 /WX- /diagnostics:column /sdl /Od /Oy- /D WIN32 /D _DEBUG /D _CONSOLE /D _UNICODE /D UNICODE /Gm- /EHsc /RTC1 /MDd /GS /fp:precise /Zc:wchar_t /Zc:forScope /Zc:inline /permissive- /Fo"Debug\\" /Fd"Debug\vc143.pdb" /external:W3 /Gd /TP /analyze- /FC /errorReport:prompt Error.cpp In.cpp Log.cpp Parm.cpp lab_14_1.1.cpp
         Error.cpp
     1>C:\Users\Manmade\Desktop\KPO_2sem\Code\lab_14_1.1\lab_14_1.1\In.h(26,10): warning C4067: непредвиденные лексемы за директивой препроцессора, требуется newline
         (компиляция исходного файла "Error.cpp")
         
         In.cpp
     1>C:\Users\Manmade\Desktop\KPO_2sem\Code\lab_14_1.1\lab_14_1.1\In.h(26,10): warning C4067: непредвиденные лексемы за директивой препроцессора, требуется newline
         (компиляция исходного файла "In.cpp")
         
         Log.cpp
     1>C:\Users\Manmade\Desktop\KPO_2sem\Code\lab_14_1.1\lab_14_1.1\In.h(26,10): warning C4067: непредвиденные лексемы за директивой препроцессора, требуется newline
         (компиляция исходного файла "Log.cpp")
         
         Parm.cpp
     1>C:\Users\Manmade\Desktop\KPO_2sem\Code\lab_14_1.1\lab_14_1.1\In.h(26,10): warning C4067: непредвиденные лексемы за директивой препроцессора, требуется newline
         (компиляция исходного файла "Parm.cpp")
         
         lab_14_1.1.cpp
     1>C:\Users\Manmade\Desktop\KPO_2sem\Code\lab_14_1.1\lab_14_1.1\In.h(26,10): warning C4067: непредвиденные лексемы за директивой препроцессора, требуется newline
         (компиляция исходного файла "lab_14_1.1.cpp")
         
         Создание кода...
       Link:
         C:\Program Files\Microsoft Visual Studio\2022\Community\VC\Tools\MSVC\14.39.33519\bin\HostX86\x86\link.exe /ERRORREPORT:PROMPT /OUT:"C:\Users\Manmade\Desktop\KPO_2sem\Code\lab_14_1.1\Debug\lab_14_1.1.exe" /INCREMENTAL /ILK:"Debug\lab_14_1.1.ilk" /NOLOGO kernel32.lib user32.lib gdi32.lib winspool.lib comdlg32.lib advapi32.lib shell32.lib ole32.lib oleaut32.lib uuid.lib odbc32.lib odbccp32.lib /MANIFEST /MANIFESTUAC:"level='asInvoker' uiAccess='false'" /manifest:embed /DEBUG /PDB:"C:\Users\Manmade\Desktop\KPO_2sem\Code\lab_14_1.1\Debug\lab_14_1.1.pdb" /SUBSYSTEM:CONSOLE /TLBID:1 /DYNAMICBASE /NXCOMPAT /IMPLIB:"C:\Users\Manmade\Desktop\KPO_2sem\Code\lab_14_1.1\Debug\lab_14_1.1.lib" /MACHINE:X86 Debug\Error.obj
         Debug\In.obj
         Debug\lab_14_1.1.obj
         Debug\Log.obj
         Debug\Parm.obj
         lab_14_1.1.vcxproj -> C:\Users\Manmade\Desktop\KPO_2sem\Code\lab_14_1.1\Debug\lab_14_1.1.exe
       FinalizeBuildStatus:
         Файл "Debug\lab_14_1.1.tlog\unsuccessfulbuild" удаляется.
         Обращение к "Debug\lab_14_1.1.tlog\lab_14_1.1.lastbuildstate".
     1>Сборка проекта "C:\Users\Manmade\Desktop\KPO_2sem\Code\lab_14_1.1\lab_14_1.1\lab_14_1.1.vcxproj" завершена (целевые объекты Build).

Сборка успешно завершена.

       "C:\Users\Manmade\Desktop\KPO_2sem\Code\lab_14_1.1\lab_14_1.1\lab_14_1.1.vcxproj" (целевой объект Build ) (1) ->
       (Целевой объект ClCompile) -> 
         C:\Users\Manmade\Desktop\KPO_2sem\Code\lab_14_1.1\lab_14_1.1\In.h(26,10): warning C4067: непредвиденные лексемы за директивой препроцессора, требуется newline
         C:\Users\Manmade\Desktop\KPO_2sem\Code\lab_14_1.1\lab_14_1.1\In.h(26,10): warning C4067: непредвиденные лексемы за директивой препроцессора, требуется newline
         C:\Users\Manmade\Desktop\KPO_2sem\Code\lab_14_1.1\lab_14_1.1\In.h(26,10): warning C4067: непредвиденные лексемы за директивой препроцессора, требуется newline
         C:\Users\Manmade\Desktop\KPO_2sem\Code\lab_14_1.1\lab_14_1.1\In.h(26,10): warning C4067: непредвиденные лексемы за директивой препроцессора, требуется newline
         C:\Users\Manmade\Desktop\KPO_2sem\Code\lab_14_1.1\lab_14_1.1\In.h(26,10): warning C4067: непредвиденные лексемы за директивой препроцессора, требуется newline

    Предупреждений: 5
    Ошибок: 0

Прошло времени 00:00:04.15
